<?xml version="1.0" encoding="UTF-8"?>
<!-- Generated by org.testng.reporters.JUnitReportReporter -->
<testsuite hostname="PRINHYLTPHP0285" name="com.saucelabs.appium.AndroidContactsTest" tests="1" failures="0" timestamp="9 Sep 2015 15:13:32 GMT" time="83.721" errors="0">
  <testcase name="addContact" time="83.721" classname="com.saucelabs.appium.AndroidContactsTest"/>
</testsuite> <!-- com.saucelabs.appium.AndroidContactsTest -->
