<?xml version="1.0" encoding="UTF-8"?>
<!-- Generated by org.testng.reporters.JUnitReportReporter -->
<testsuite hostname="PRINHYLTPHP0285" name="com.saucelabs.appium.SauceTest1" tests="1" failures="0" timestamp="9 Sep 2015 10:41:04 GMT" time="7.497" errors="0">
  <testcase name="test1" time="7.497" classname="com.saucelabs.appium.SauceTest1"/>
</testsuite> <!-- com.saucelabs.appium.SauceTest1 -->
