<?xml version="1.0" encoding="UTF-8"?>
<!-- Generated by org.testng.reporters.JUnitReportReporter -->
<testsuite hostname="PRINHYLTPHP0285" name="com.tests.androidEmulatorTests.GitHubAndroidTest" tests="1" failures="0" timestamp="11 Sep 2015 15:10:57 GMT" time="22.297" errors="0">
  <testcase name="verifyHomeTest" time="22.297" classname="com.tests.androidEmulatorTests.GitHubAndroidTest"/>
</testsuite> <!-- com.tests.androidEmulatorTests.GitHubAndroidTest -->
